running egg_info
writing build/trajcontrol/trajcontrol.egg-info/PKG-INFO
writing dependency_links to build/trajcontrol/trajcontrol.egg-info/dependency_links.txt
writing entry points to build/trajcontrol/trajcontrol.egg-info/entry_points.txt
writing requirements to build/trajcontrol/trajcontrol.egg-info/requires.txt
writing top-level names to build/trajcontrol/trajcontrol.egg-info/top_level.txt
reading manifest file 'build/trajcontrol/trajcontrol.egg-info/SOURCES.txt'
writing manifest file 'build/trajcontrol/trajcontrol.egg-info/SOURCES.txt'
running build
running build_py
running install
running install_lib
running install_data
running install_egg_info
removing '/home/pedro/ws/src/trajcontrol/install/trajcontrol/lib/python3.8/site-packages/trajcontrol-0.0.0-py3.8.egg-info' (and everything under it)
Copying build/trajcontrol/trajcontrol.egg-info to /home/pedro/ws/src/trajcontrol/install/trajcontrol/lib/python3.8/site-packages/trajcontrol-0.0.0-py3.8.egg-info
running install_scripts
Installing controller_node script to /home/pedro/ws/src/trajcontrol/install/trajcontrol/lib/trajcontrol
Installing estimator_node script to /home/pedro/ws/src/trajcontrol/install/trajcontrol/lib/trajcontrol
Installing insertion_node script to /home/pedro/ws/src/trajcontrol/install/trajcontrol/lib/trajcontrol
Installing keypress script to /home/pedro/ws/src/trajcontrol/install/trajcontrol/lib/trajcontrol
Installing save_file script to /home/pedro/ws/src/trajcontrol/install/trajcontrol/lib/trajcontrol
Installing sensor_processing script to /home/pedro/ws/src/trajcontrol/install/trajcontrol/lib/trajcontrol
Installing smart_template script to /home/pedro/ws/src/trajcontrol/install/trajcontrol/lib/trajcontrol
Installing virtual_UI script to /home/pedro/ws/src/trajcontrol/install/trajcontrol/lib/trajcontrol
Installing virtual_robot script to /home/pedro/ws/src/trajcontrol/install/trajcontrol/lib/trajcontrol
Installing virtual_sensor script to /home/pedro/ws/src/trajcontrol/install/trajcontrol/lib/trajcontrol
writing list of installed files to '/home/pedro/ws/src/trajcontrol/build/trajcontrol/install.log'
