[1.039s] Invoking command in '/home/pedro/ws/src/trajcontrol': PYTHONPATH=/home/pedro/ws/src/trajcontrol/install/trajcontrol/lib/python3.8/site-packages:${PYTHONPATH} /usr/bin/python3 setup.py egg_info --egg-base build/trajcontrol build --build-base /home/pedro/ws/src/trajcontrol/build/trajcontrol/build install --prefix /home/pedro/ws/src/trajcontrol/install/trajcontrol --record /home/pedro/ws/src/trajcontrol/build/trajcontrol/install.log --single-version-externally-managed
[1.398s] running egg_info
[1.399s] writing build/trajcontrol/trajcontrol.egg-info/PKG-INFO
[1.399s] writing dependency_links to build/trajcontrol/trajcontrol.egg-info/dependency_links.txt
[1.399s] writing entry points to build/trajcontrol/trajcontrol.egg-info/entry_points.txt
[1.399s] writing requirements to build/trajcontrol/trajcontrol.egg-info/requires.txt
[1.400s] writing top-level names to build/trajcontrol/trajcontrol.egg-info/top_level.txt
[1.457s] reading manifest file 'build/trajcontrol/trajcontrol.egg-info/SOURCES.txt'
[1.458s] writing manifest file 'build/trajcontrol/trajcontrol.egg-info/SOURCES.txt'
[1.459s] running build
[1.459s] running build_py
[1.460s] running install
[1.461s] running install_lib
[1.463s] running install_data
[1.464s] running install_egg_info
[1.466s] removing '/home/pedro/ws/src/trajcontrol/install/trajcontrol/lib/python3.8/site-packages/trajcontrol-0.0.0-py3.8.egg-info' (and everything under it)
[1.467s] Copying build/trajcontrol/trajcontrol.egg-info to /home/pedro/ws/src/trajcontrol/install/trajcontrol/lib/python3.8/site-packages/trajcontrol-0.0.0-py3.8.egg-info
[1.468s] running install_scripts
[1.491s] Installing controller_node script to /home/pedro/ws/src/trajcontrol/install/trajcontrol/lib/trajcontrol
[1.492s] Installing estimator_node script to /home/pedro/ws/src/trajcontrol/install/trajcontrol/lib/trajcontrol
[1.492s] Installing insertion_node script to /home/pedro/ws/src/trajcontrol/install/trajcontrol/lib/trajcontrol
[1.492s] Installing keypress script to /home/pedro/ws/src/trajcontrol/install/trajcontrol/lib/trajcontrol
[1.492s] Installing save_file script to /home/pedro/ws/src/trajcontrol/install/trajcontrol/lib/trajcontrol
[1.493s] Installing sensor_processing script to /home/pedro/ws/src/trajcontrol/install/trajcontrol/lib/trajcontrol
[1.493s] Installing smart_template script to /home/pedro/ws/src/trajcontrol/install/trajcontrol/lib/trajcontrol
[1.493s] Installing virtual_UI script to /home/pedro/ws/src/trajcontrol/install/trajcontrol/lib/trajcontrol
[1.493s] Installing virtual_robot script to /home/pedro/ws/src/trajcontrol/install/trajcontrol/lib/trajcontrol
[1.493s] Installing virtual_sensor script to /home/pedro/ws/src/trajcontrol/install/trajcontrol/lib/trajcontrol
[1.494s] writing list of installed files to '/home/pedro/ws/src/trajcontrol/build/trajcontrol/install.log'
[1.518s] Invoked command in '/home/pedro/ws/src/trajcontrol' returned '0': PYTHONPATH=/home/pedro/ws/src/trajcontrol/install/trajcontrol/lib/python3.8/site-packages:${PYTHONPATH} /usr/bin/python3 setup.py egg_info --egg-base build/trajcontrol build --build-base /home/pedro/ws/src/trajcontrol/build/trajcontrol/build install --prefix /home/pedro/ws/src/trajcontrol/install/trajcontrol --record /home/pedro/ws/src/trajcontrol/build/trajcontrol/install.log --single-version-externally-managed
