[1.046s] Invoking command in '/home/pedro/ws/src/trajcontrol': PYTHONPATH=/home/pedro/ws/src/trajcontrol/install/trajcontrol/lib/python3.8/site-packages:${PYTHONPATH} /usr/bin/python3 setup.py egg_info --egg-base build/trajcontrol build --build-base /home/pedro/ws/src/trajcontrol/build/trajcontrol/build install --prefix /home/pedro/ws/src/trajcontrol/install/trajcontrol --record /home/pedro/ws/src/trajcontrol/build/trajcontrol/install.log --single-version-externally-managed
[1.409s] running egg_info
[1.409s] creating build/trajcontrol/trajcontrol.egg-info
[1.409s] writing build/trajcontrol/trajcontrol.egg-info/PKG-INFO
[1.410s] writing dependency_links to build/trajcontrol/trajcontrol.egg-info/dependency_links.txt
[1.410s] writing entry points to build/trajcontrol/trajcontrol.egg-info/entry_points.txt
[1.410s] writing requirements to build/trajcontrol/trajcontrol.egg-info/requires.txt
[1.410s] writing top-level names to build/trajcontrol/trajcontrol.egg-info/top_level.txt
[1.412s] writing manifest file 'build/trajcontrol/trajcontrol.egg-info/SOURCES.txt'
[1.467s] reading manifest file 'build/trajcontrol/trajcontrol.egg-info/SOURCES.txt'
[1.468s] writing manifest file 'build/trajcontrol/trajcontrol.egg-info/SOURCES.txt'
[1.468s] running build
[1.469s] running build_py
[1.469s] creating /home/pedro/ws/src/trajcontrol/build/trajcontrol/build
[1.469s] creating /home/pedro/ws/src/trajcontrol/build/trajcontrol/build/lib
[1.469s] creating /home/pedro/ws/src/trajcontrol/build/trajcontrol/build/lib/trajcontrol
[1.469s] copying trajcontrol/controller_node.py -> /home/pedro/ws/src/trajcontrol/build/trajcontrol/build/lib/trajcontrol
[1.470s] copying trajcontrol/virtual_sensor.py -> /home/pedro/ws/src/trajcontrol/build/trajcontrol/build/lib/trajcontrol
[1.470s] copying trajcontrol/estimator_node.py -> /home/pedro/ws/src/trajcontrol/build/trajcontrol/build/lib/trajcontrol
[1.470s] copying trajcontrol/__init__.py -> /home/pedro/ws/src/trajcontrol/build/trajcontrol/build/lib/trajcontrol
[1.470s] copying trajcontrol/save_file.py -> /home/pedro/ws/src/trajcontrol/build/trajcontrol/build/lib/trajcontrol
[1.470s] copying trajcontrol/virtual_UI.py -> /home/pedro/ws/src/trajcontrol/build/trajcontrol/build/lib/trajcontrol
[1.471s] copying trajcontrol/sensor_processing.py -> /home/pedro/ws/src/trajcontrol/build/trajcontrol/build/lib/trajcontrol
[1.471s] copying trajcontrol/smart_template.py -> /home/pedro/ws/src/trajcontrol/build/trajcontrol/build/lib/trajcontrol
[1.471s] copying trajcontrol/insertion_node.py -> /home/pedro/ws/src/trajcontrol/build/trajcontrol/build/lib/trajcontrol
[1.471s] copying trajcontrol/keypress.py -> /home/pedro/ws/src/trajcontrol/build/trajcontrol/build/lib/trajcontrol
[1.471s] copying trajcontrol/virtual_robot.py -> /home/pedro/ws/src/trajcontrol/build/trajcontrol/build/lib/trajcontrol
[1.471s] running install
[1.472s] running install_lib
[1.474s] creating /home/pedro/ws/src/trajcontrol/install/trajcontrol/lib/python3.8/site-packages/trajcontrol
[1.505s] copying /home/pedro/ws/src/trajcontrol/build/trajcontrol/build/lib/trajcontrol/controller_node.py -> /home/pedro/ws/src/trajcontrol/install/trajcontrol/lib/python3.8/site-packages/trajcontrol
[1.505s] copying /home/pedro/ws/src/trajcontrol/build/trajcontrol/build/lib/trajcontrol/virtual_sensor.py -> /home/pedro/ws/src/trajcontrol/install/trajcontrol/lib/python3.8/site-packages/trajcontrol
[1.505s] copying /home/pedro/ws/src/trajcontrol/build/trajcontrol/build/lib/trajcontrol/estimator_node.py -> /home/pedro/ws/src/trajcontrol/install/trajcontrol/lib/python3.8/site-packages/trajcontrol
[1.505s] copying /home/pedro/ws/src/trajcontrol/build/trajcontrol/build/lib/trajcontrol/__init__.py -> /home/pedro/ws/src/trajcontrol/install/trajcontrol/lib/python3.8/site-packages/trajcontrol
[1.506s] copying /home/pedro/ws/src/trajcontrol/build/trajcontrol/build/lib/trajcontrol/save_file.py -> /home/pedro/ws/src/trajcontrol/install/trajcontrol/lib/python3.8/site-packages/trajcontrol
[1.506s] copying /home/pedro/ws/src/trajcontrol/build/trajcontrol/build/lib/trajcontrol/virtual_UI.py -> /home/pedro/ws/src/trajcontrol/install/trajcontrol/lib/python3.8/site-packages/trajcontrol
[1.506s] copying /home/pedro/ws/src/trajcontrol/build/trajcontrol/build/lib/trajcontrol/sensor_processing.py -> /home/pedro/ws/src/trajcontrol/install/trajcontrol/lib/python3.8/site-packages/trajcontrol
[1.506s] copying /home/pedro/ws/src/trajcontrol/build/trajcontrol/build/lib/trajcontrol/smart_template.py -> /home/pedro/ws/src/trajcontrol/install/trajcontrol/lib/python3.8/site-packages/trajcontrol
[1.506s] copying /home/pedro/ws/src/trajcontrol/build/trajcontrol/build/lib/trajcontrol/insertion_node.py -> /home/pedro/ws/src/trajcontrol/install/trajcontrol/lib/python3.8/site-packages/trajcontrol
[1.507s] copying /home/pedro/ws/src/trajcontrol/build/trajcontrol/build/lib/trajcontrol/keypress.py -> /home/pedro/ws/src/trajcontrol/install/trajcontrol/lib/python3.8/site-packages/trajcontrol
[1.507s] copying /home/pedro/ws/src/trajcontrol/build/trajcontrol/build/lib/trajcontrol/virtual_robot.py -> /home/pedro/ws/src/trajcontrol/install/trajcontrol/lib/python3.8/site-packages/trajcontrol
[1.507s] byte-compiling /home/pedro/ws/src/trajcontrol/install/trajcontrol/lib/python3.8/site-packages/trajcontrol/controller_node.py to controller_node.cpython-38.pyc
[1.510s] byte-compiling /home/pedro/ws/src/trajcontrol/install/trajcontrol/lib/python3.8/site-packages/trajcontrol/virtual_sensor.py to virtual_sensor.cpython-38.pyc
[1.510s] byte-compiling /home/pedro/ws/src/trajcontrol/install/trajcontrol/lib/python3.8/site-packages/trajcontrol/estimator_node.py to estimator_node.cpython-38.pyc
[1.512s] byte-compiling /home/pedro/ws/src/trajcontrol/install/trajcontrol/lib/python3.8/site-packages/trajcontrol/__init__.py to __init__.cpython-38.pyc
[1.513s] byte-compiling /home/pedro/ws/src/trajcontrol/install/trajcontrol/lib/python3.8/site-packages/trajcontrol/save_file.py to save_file.cpython-38.pyc
[1.514s] byte-compiling /home/pedro/ws/src/trajcontrol/install/trajcontrol/lib/python3.8/site-packages/trajcontrol/virtual_UI.py to virtual_UI.cpython-38.pyc
[1.515s] byte-compiling /home/pedro/ws/src/trajcontrol/install/trajcontrol/lib/python3.8/site-packages/trajcontrol/sensor_processing.py to sensor_processing.cpython-38.pyc
[1.517s] byte-compiling /home/pedro/ws/src/trajcontrol/install/trajcontrol/lib/python3.8/site-packages/trajcontrol/smart_template.py to smart_template.cpython-38.pyc
[1.519s] byte-compiling /home/pedro/ws/src/trajcontrol/install/trajcontrol/lib/python3.8/site-packages/trajcontrol/insertion_node.py to insertion_node.cpython-38.pyc
[1.520s] byte-compiling /home/pedro/ws/src/trajcontrol/install/trajcontrol/lib/python3.8/site-packages/trajcontrol/keypress.py to keypress.cpython-38.pyc
[1.520s] byte-compiling /home/pedro/ws/src/trajcontrol/install/trajcontrol/lib/python3.8/site-packages/trajcontrol/virtual_robot.py to virtual_robot.cpython-38.pyc
[1.521s] running install_data
[1.522s] creating /home/pedro/ws/src/trajcontrol/install/trajcontrol/share/ament_index
[1.522s] creating /home/pedro/ws/src/trajcontrol/install/trajcontrol/share/ament_index/resource_index
[1.522s] creating /home/pedro/ws/src/trajcontrol/install/trajcontrol/share/ament_index/resource_index/packages
[1.523s] copying resource/trajcontrol -> /home/pedro/ws/src/trajcontrol/install/trajcontrol/share/ament_index/resource_index/packages
[1.523s] copying package.xml -> /home/pedro/ws/src/trajcontrol/install/trajcontrol/share/trajcontrol
[1.523s] creating /home/pedro/ws/src/trajcontrol/install/trajcontrol/share/trajcontrol/launch
[1.523s] copying launch/simple.launch.py -> /home/pedro/ws/src/trajcontrol/install/trajcontrol/share/trajcontrol/launch
[1.524s] copying launch/sensor.launch.py -> /home/pedro/ws/src/trajcontrol/install/trajcontrol/share/trajcontrol/launch
[1.524s] copying launch/aurora_smart_template.launch.py -> /home/pedro/ws/src/trajcontrol/install/trajcontrol/share/trajcontrol/launch
[1.524s] copying launch/bridge.launch.py -> /home/pedro/ws/src/trajcontrol/install/trajcontrol/share/trajcontrol/launch
[1.524s] creating /home/pedro/ws/src/trajcontrol/install/trajcontrol/share/trajcontrol/config
[1.524s] copying config/aurora_smart_template_params.yaml -> /home/pedro/ws/src/trajcontrol/install/trajcontrol/share/trajcontrol/config
[1.524s] copying config/virtual_nodes_params.yaml -> /home/pedro/ws/src/trajcontrol/install/trajcontrol/share/trajcontrol/config
[1.524s] running install_egg_info
[1.526s] Copying build/trajcontrol/trajcontrol.egg-info to /home/pedro/ws/src/trajcontrol/install/trajcontrol/lib/python3.8/site-packages/trajcontrol-0.0.0-py3.8.egg-info
[1.527s] running install_scripts
[1.550s] Installing controller_node script to /home/pedro/ws/src/trajcontrol/install/trajcontrol/lib/trajcontrol
[1.551s] Installing estimator_node script to /home/pedro/ws/src/trajcontrol/install/trajcontrol/lib/trajcontrol
[1.551s] Installing insertion_node script to /home/pedro/ws/src/trajcontrol/install/trajcontrol/lib/trajcontrol
[1.551s] Installing keypress script to /home/pedro/ws/src/trajcontrol/install/trajcontrol/lib/trajcontrol
[1.551s] Installing save_file script to /home/pedro/ws/src/trajcontrol/install/trajcontrol/lib/trajcontrol
[1.552s] Installing sensor_processing script to /home/pedro/ws/src/trajcontrol/install/trajcontrol/lib/trajcontrol
[1.552s] Installing smart_template script to /home/pedro/ws/src/trajcontrol/install/trajcontrol/lib/trajcontrol
[1.552s] Installing virtual_UI script to /home/pedro/ws/src/trajcontrol/install/trajcontrol/lib/trajcontrol
[1.552s] Installing virtual_robot script to /home/pedro/ws/src/trajcontrol/install/trajcontrol/lib/trajcontrol
[1.552s] Installing virtual_sensor script to /home/pedro/ws/src/trajcontrol/install/trajcontrol/lib/trajcontrol
[1.553s] writing list of installed files to '/home/pedro/ws/src/trajcontrol/build/trajcontrol/install.log'
[1.577s] Invoked command in '/home/pedro/ws/src/trajcontrol' returned '0': PYTHONPATH=/home/pedro/ws/src/trajcontrol/install/trajcontrol/lib/python3.8/site-packages:${PYTHONPATH} /usr/bin/python3 setup.py egg_info --egg-base build/trajcontrol build --build-base /home/pedro/ws/src/trajcontrol/build/trajcontrol/build install --prefix /home/pedro/ws/src/trajcontrol/install/trajcontrol --record /home/pedro/ws/src/trajcontrol/build/trajcontrol/install.log --single-version-externally-managed
