[1.026s] Invoking command in '/home/pedro/ws/src/trajcontrol': PYTHONPATH=/home/pedro/ws/src/trajcontrol/install/trajcontrol/lib/python3.8/site-packages:${PYTHONPATH} /usr/bin/python3 setup.py egg_info --egg-base build/trajcontrol build --build-base /home/pedro/ws/src/trajcontrol/build/trajcontrol/build install --prefix /home/pedro/ws/src/trajcontrol/install/trajcontrol --record /home/pedro/ws/src/trajcontrol/build/trajcontrol/install.log --single-version-externally-managed
[1.382s] running egg_info
[1.383s] writing build/trajcontrol/trajcontrol.egg-info/PKG-INFO
[1.383s] writing dependency_links to build/trajcontrol/trajcontrol.egg-info/dependency_links.txt
[1.383s] writing entry points to build/trajcontrol/trajcontrol.egg-info/entry_points.txt
[1.384s] writing requirements to build/trajcontrol/trajcontrol.egg-info/requires.txt
[1.384s] writing top-level names to build/trajcontrol/trajcontrol.egg-info/top_level.txt
[1.442s] reading manifest file 'build/trajcontrol/trajcontrol.egg-info/SOURCES.txt'
[1.443s] writing manifest file 'build/trajcontrol/trajcontrol.egg-info/SOURCES.txt'
[1.444s] running build
[1.444s] running build_py
[1.445s] running install
[1.446s] running install_lib
[1.448s] running install_data
[1.449s] running install_egg_info
[1.451s] removing '/home/pedro/ws/src/trajcontrol/install/trajcontrol/lib/python3.8/site-packages/trajcontrol-0.0.0-py3.8.egg-info' (and everything under it)
[1.452s] Copying build/trajcontrol/trajcontrol.egg-info to /home/pedro/ws/src/trajcontrol/install/trajcontrol/lib/python3.8/site-packages/trajcontrol-0.0.0-py3.8.egg-info
[1.453s] running install_scripts
[1.477s] Installing controller_node script to /home/pedro/ws/src/trajcontrol/install/trajcontrol/lib/trajcontrol
[1.477s] Installing estimator_node script to /home/pedro/ws/src/trajcontrol/install/trajcontrol/lib/trajcontrol
[1.478s] Installing insertion_node script to /home/pedro/ws/src/trajcontrol/install/trajcontrol/lib/trajcontrol
[1.478s] Installing keypress script to /home/pedro/ws/src/trajcontrol/install/trajcontrol/lib/trajcontrol
[1.478s] Installing save_file script to /home/pedro/ws/src/trajcontrol/install/trajcontrol/lib/trajcontrol
[1.478s] Installing sensor_processing script to /home/pedro/ws/src/trajcontrol/install/trajcontrol/lib/trajcontrol
[1.478s] Installing smart_template script to /home/pedro/ws/src/trajcontrol/install/trajcontrol/lib/trajcontrol
[1.479s] Installing virtual_UI script to /home/pedro/ws/src/trajcontrol/install/trajcontrol/lib/trajcontrol
[1.479s] Installing virtual_robot script to /home/pedro/ws/src/trajcontrol/install/trajcontrol/lib/trajcontrol
[1.479s] Installing virtual_sensor script to /home/pedro/ws/src/trajcontrol/install/trajcontrol/lib/trajcontrol
[1.480s] writing list of installed files to '/home/pedro/ws/src/trajcontrol/build/trajcontrol/install.log'
[1.505s] Invoked command in '/home/pedro/ws/src/trajcontrol' returned '0': PYTHONPATH=/home/pedro/ws/src/trajcontrol/install/trajcontrol/lib/python3.8/site-packages:${PYTHONPATH} /usr/bin/python3 setup.py egg_info --egg-base build/trajcontrol build --build-base /home/pedro/ws/src/trajcontrol/build/trajcontrol/build install --prefix /home/pedro/ws/src/trajcontrol/install/trajcontrol --record /home/pedro/ws/src/trajcontrol/build/trajcontrol/install.log --single-version-externally-managed
