[1.035s] Invoking command in '/home/pedro/ws/src/trajcontrol': PYTHONPATH=/home/pedro/ws/src/trajcontrol/install/trajcontrol/lib/python3.8/site-packages:${PYTHONPATH} /usr/bin/python3 setup.py egg_info --egg-base build/trajcontrol build --build-base /home/pedro/ws/src/trajcontrol/build/trajcontrol/build install --prefix /home/pedro/ws/src/trajcontrol/install/trajcontrol --record /home/pedro/ws/src/trajcontrol/build/trajcontrol/install.log --single-version-externally-managed
[1.390s] running egg_info
[1.391s] writing build/trajcontrol/trajcontrol.egg-info/PKG-INFO
[1.391s] writing dependency_links to build/trajcontrol/trajcontrol.egg-info/dependency_links.txt
[1.391s] writing entry points to build/trajcontrol/trajcontrol.egg-info/entry_points.txt
[1.392s] writing requirements to build/trajcontrol/trajcontrol.egg-info/requires.txt
[1.392s] writing top-level names to build/trajcontrol/trajcontrol.egg-info/top_level.txt
[1.448s] reading manifest file 'build/trajcontrol/trajcontrol.egg-info/SOURCES.txt'
[1.450s] writing manifest file 'build/trajcontrol/trajcontrol.egg-info/SOURCES.txt'
[1.450s] running build
[1.450s] running build_py
[1.451s] copying trajcontrol/sensor_processing.py -> /home/pedro/ws/src/trajcontrol/build/trajcontrol/build/lib/trajcontrol
[1.451s] running install
[1.452s] running install_lib
[1.454s] copying /home/pedro/ws/src/trajcontrol/build/trajcontrol/build/lib/trajcontrol/sensor_processing.py -> /home/pedro/ws/src/trajcontrol/install/trajcontrol/lib/python3.8/site-packages/trajcontrol
[1.455s] byte-compiling /home/pedro/ws/src/trajcontrol/install/trajcontrol/lib/python3.8/site-packages/trajcontrol/sensor_processing.py to sensor_processing.cpython-38.pyc
[1.459s] running install_data
[1.460s] running install_egg_info
[1.462s] removing '/home/pedro/ws/src/trajcontrol/install/trajcontrol/lib/python3.8/site-packages/trajcontrol-0.0.0-py3.8.egg-info' (and everything under it)
[1.462s] Copying build/trajcontrol/trajcontrol.egg-info to /home/pedro/ws/src/trajcontrol/install/trajcontrol/lib/python3.8/site-packages/trajcontrol-0.0.0-py3.8.egg-info
[1.464s] running install_scripts
[1.487s] Installing controller_node script to /home/pedro/ws/src/trajcontrol/install/trajcontrol/lib/trajcontrol
[1.487s] Installing estimator_node script to /home/pedro/ws/src/trajcontrol/install/trajcontrol/lib/trajcontrol
[1.487s] Installing insertion_node script to /home/pedro/ws/src/trajcontrol/install/trajcontrol/lib/trajcontrol
[1.488s] Installing keypress script to /home/pedro/ws/src/trajcontrol/install/trajcontrol/lib/trajcontrol
[1.488s] Installing save_file script to /home/pedro/ws/src/trajcontrol/install/trajcontrol/lib/trajcontrol
[1.488s] Installing sensor_processing script to /home/pedro/ws/src/trajcontrol/install/trajcontrol/lib/trajcontrol
[1.488s] Installing smart_template script to /home/pedro/ws/src/trajcontrol/install/trajcontrol/lib/trajcontrol
[1.488s] Installing virtual_UI script to /home/pedro/ws/src/trajcontrol/install/trajcontrol/lib/trajcontrol
[1.489s] Installing virtual_robot script to /home/pedro/ws/src/trajcontrol/install/trajcontrol/lib/trajcontrol
[1.489s] Installing virtual_sensor script to /home/pedro/ws/src/trajcontrol/install/trajcontrol/lib/trajcontrol
[1.489s] writing list of installed files to '/home/pedro/ws/src/trajcontrol/build/trajcontrol/install.log'
[1.514s] Invoked command in '/home/pedro/ws/src/trajcontrol' returned '0': PYTHONPATH=/home/pedro/ws/src/trajcontrol/install/trajcontrol/lib/python3.8/site-packages:${PYTHONPATH} /usr/bin/python3 setup.py egg_info --egg-base build/trajcontrol build --build-base /home/pedro/ws/src/trajcontrol/build/trajcontrol/build install --prefix /home/pedro/ws/src/trajcontrol/install/trajcontrol --record /home/pedro/ws/src/trajcontrol/build/trajcontrol/install.log --single-version-externally-managed
