/home/pedro/ws/src/trajcontrol/install/trajcontrol/lib/python3.8/site-packages/trajcontrol/controller_node.py
/home/pedro/ws/src/trajcontrol/install/trajcontrol/lib/python3.8/site-packages/trajcontrol/virtual_sensor.py
/home/pedro/ws/src/trajcontrol/install/trajcontrol/lib/python3.8/site-packages/trajcontrol/estimator_node.py
/home/pedro/ws/src/trajcontrol/install/trajcontrol/lib/python3.8/site-packages/trajcontrol/__init__.py
/home/pedro/ws/src/trajcontrol/install/trajcontrol/lib/python3.8/site-packages/trajcontrol/save_file.py
/home/pedro/ws/src/trajcontrol/install/trajcontrol/lib/python3.8/site-packages/trajcontrol/virtual_UI.py
/home/pedro/ws/src/trajcontrol/install/trajcontrol/lib/python3.8/site-packages/trajcontrol/sensor_processing.py
/home/pedro/ws/src/trajcontrol/install/trajcontrol/lib/python3.8/site-packages/trajcontrol/smart_template.py
/home/pedro/ws/src/trajcontrol/install/trajcontrol/lib/python3.8/site-packages/trajcontrol/insertion_node.py
/home/pedro/ws/src/trajcontrol/install/trajcontrol/lib/python3.8/site-packages/trajcontrol/keypress.py
/home/pedro/ws/src/trajcontrol/install/trajcontrol/lib/python3.8/site-packages/trajcontrol/virtual_robot.py
/home/pedro/ws/src/trajcontrol/install/trajcontrol/lib/python3.8/site-packages/trajcontrol/__pycache__/controller_node.cpython-38.pyc
/home/pedro/ws/src/trajcontrol/install/trajcontrol/lib/python3.8/site-packages/trajcontrol/__pycache__/virtual_sensor.cpython-38.pyc
/home/pedro/ws/src/trajcontrol/install/trajcontrol/lib/python3.8/site-packages/trajcontrol/__pycache__/estimator_node.cpython-38.pyc
/home/pedro/ws/src/trajcontrol/install/trajcontrol/lib/python3.8/site-packages/trajcontrol/__pycache__/__init__.cpython-38.pyc
/home/pedro/ws/src/trajcontrol/install/trajcontrol/lib/python3.8/site-packages/trajcontrol/__pycache__/save_file.cpython-38.pyc
/home/pedro/ws/src/trajcontrol/install/trajcontrol/lib/python3.8/site-packages/trajcontrol/__pycache__/virtual_UI.cpython-38.pyc
/home/pedro/ws/src/trajcontrol/install/trajcontrol/lib/python3.8/site-packages/trajcontrol/__pycache__/sensor_processing.cpython-38.pyc
/home/pedro/ws/src/trajcontrol/install/trajcontrol/lib/python3.8/site-packages/trajcontrol/__pycache__/smart_template.cpython-38.pyc
/home/pedro/ws/src/trajcontrol/install/trajcontrol/lib/python3.8/site-packages/trajcontrol/__pycache__/insertion_node.cpython-38.pyc
/home/pedro/ws/src/trajcontrol/install/trajcontrol/lib/python3.8/site-packages/trajcontrol/__pycache__/keypress.cpython-38.pyc
/home/pedro/ws/src/trajcontrol/install/trajcontrol/lib/python3.8/site-packages/trajcontrol/__pycache__/virtual_robot.cpython-38.pyc
/home/pedro/ws/src/trajcontrol/install/trajcontrol/share/ament_index/resource_index/packages/trajcontrol
/home/pedro/ws/src/trajcontrol/install/trajcontrol/share/trajcontrol/package.xml
/home/pedro/ws/src/trajcontrol/install/trajcontrol/share/trajcontrol/launch/simple.launch.py
/home/pedro/ws/src/trajcontrol/install/trajcontrol/share/trajcontrol/launch/sensor.launch.py
/home/pedro/ws/src/trajcontrol/install/trajcontrol/share/trajcontrol/launch/aurora_smart_template.launch.py
/home/pedro/ws/src/trajcontrol/install/trajcontrol/share/trajcontrol/launch/bridge.launch.py
/home/pedro/ws/src/trajcontrol/install/trajcontrol/share/trajcontrol/config/aurora_smart_template_params.yaml
/home/pedro/ws/src/trajcontrol/install/trajcontrol/share/trajcontrol/config/virtual_nodes_params.yaml
/home/pedro/ws/src/trajcontrol/install/trajcontrol/lib/python3.8/site-packages/trajcontrol-0.0.0-py3.8.egg-info/SOURCES.txt
/home/pedro/ws/src/trajcontrol/install/trajcontrol/lib/python3.8/site-packages/trajcontrol-0.0.0-py3.8.egg-info/requires.txt
/home/pedro/ws/src/trajcontrol/install/trajcontrol/lib/python3.8/site-packages/trajcontrol-0.0.0-py3.8.egg-info/top_level.txt
/home/pedro/ws/src/trajcontrol/install/trajcontrol/lib/python3.8/site-packages/trajcontrol-0.0.0-py3.8.egg-info/PKG-INFO
/home/pedro/ws/src/trajcontrol/install/trajcontrol/lib/python3.8/site-packages/trajcontrol-0.0.0-py3.8.egg-info/dependency_links.txt
/home/pedro/ws/src/trajcontrol/install/trajcontrol/lib/python3.8/site-packages/trajcontrol-0.0.0-py3.8.egg-info/zip-safe
/home/pedro/ws/src/trajcontrol/install/trajcontrol/lib/python3.8/site-packages/trajcontrol-0.0.0-py3.8.egg-info/entry_points.txt
/home/pedro/ws/src/trajcontrol/install/trajcontrol/lib/trajcontrol/controller_node
/home/pedro/ws/src/trajcontrol/install/trajcontrol/lib/trajcontrol/estimator_node
/home/pedro/ws/src/trajcontrol/install/trajcontrol/lib/trajcontrol/insertion_node
/home/pedro/ws/src/trajcontrol/install/trajcontrol/lib/trajcontrol/keypress
/home/pedro/ws/src/trajcontrol/install/trajcontrol/lib/trajcontrol/save_file
/home/pedro/ws/src/trajcontrol/install/trajcontrol/lib/trajcontrol/sensor_processing
/home/pedro/ws/src/trajcontrol/install/trajcontrol/lib/trajcontrol/smart_template
/home/pedro/ws/src/trajcontrol/install/trajcontrol/lib/trajcontrol/virtual_UI
/home/pedro/ws/src/trajcontrol/install/trajcontrol/lib/trajcontrol/virtual_robot
/home/pedro/ws/src/trajcontrol/install/trajcontrol/lib/trajcontrol/virtual_sensor
